[   19046ms] [ERROR] ERROR TypeError: this.registerForm.value.occupation.setValue is not a function
    at t.changeOcp (https://rahulshettyacademy.com/client/193.d265881eae00ddd5b310.js:1:32925)
    at https://rahulshettyacademy.com/client/193.d265881eae00ddd5b310.js:1:8447
    at jp (https://rahulshettyacademy.com/client/main.debaae36313b48de71b3.js:1:101103)
    at i (https://rahulshettyacademy.com/client/main.debaae36313b48de71b3.js:1:101312)
    at HTMLSelectElement.<anonymous> (https://rahulshettyacademy.com/client/main.debaae36313b48de71b3.js:1:164157)
    at v.invokeTask (https://rahulshettyacademy.com/client/polyfills.d5e2c55785e9a2a0b452.js:1:7137)
    at Object.onInvokeTask (https://rahulshettyacademy.com/client/main.debaae36313b48de71b3.js:1:146258)
    at v.invokeTask (https://rahulshettyacademy.com/client/polyfills.d5e2c55785e9a2a0b452.js:1:7058)
    at M.runTask (https://rahulshettyacademy.com/client/polyfills.d5e2c55785e9a2a0b452.js:1:2532)
    at m.invokeTask [as invoke] (https://rahulshettyacademy.com/client/polyfills.d5e2c55785e9a2a0b452.js:1:8188) @ https://rahulshettyacademy.com/client/main.debaae36313b48de71b3.js:0
[   38064ms] [WARNING] [ngx-spinner]: Property "type" is missed. Please, provide animation type to <ngx-spinner> component
        and ensure css is added to angular.json file @ https://rahulshettyacademy.com/client/342.9e55d8a34323d7dafdac.js:0
[   38065ms] [WARNING] [ngx-spinner]: Property "type" is missed. Please, provide animation type to <ngx-spinner> component
        and ensure css is added to angular.json file @ https://rahulshettyacademy.com/client/342.9e55d8a34323d7dafdac.js:0
[   38083ms] [WARNING] [ngx-spinner]: Property "type" is missed. Please, provide animation type to <ngx-spinner> component
        and ensure css is added to angular.json file @ https://rahulshettyacademy.com/client/342.9e55d8a34323d7dafdac.js:0
[   77327ms] [WARNING] [ngx-spinner]: Property "type" is missed. Please, provide animation type to <ngx-spinner> component
        and ensure css is added to angular.json file @ https://rahulshettyacademy.com/client/342.9e55d8a34323d7dafdac.js:0
[   77327ms] [WARNING] [ngx-spinner]: Property "type" is missed. Please, provide animation type to <ngx-spinner> component
        and ensure css is added to angular.json file @ https://rahulshettyacademy.com/client/342.9e55d8a34323d7dafdac.js:0
